<?xml version="1.0" encoding="UTF-8"?>
<!-- Generated by org.testng.reporters.JUnitReportReporter -->
<testsuite hostname="Pramesh" failures="0" tests="3" name="testcases.TestScenario_LambdaTestAdvanced_Certification" time="265.034" errors="0" timestamp="2024-10-17T11:59:50 IST" skipped="0">
  <testcase classname="testcases.TestScenario_LambdaTestAdvanced_Certification" name="scenarioOne_SimpleFormDemo" time="135.345"/>
  <system-out/>
  <testcase classname="testcases.TestScenario_LambdaTestAdvanced_Certification" name="scenarioOne_SimpleFormDemo" time="63.364"/>
  <system-out/>
  <testcase classname="testcases.TestScenario_LambdaTestAdvanced_Certification" name="scenarioOne_SimpleFormDemo" time="66.325"/>
  <system-out/>
</testsuite> <!-- testcases.TestScenario_LambdaTestAdvanced_Certification -->
