<?xml version="1.0" encoding="UTF-8"?>
<!-- Generated by org.testng.reporters.JUnitReportReporter -->
<testsuite hostname="Pramesh" failures="0" tests="1" name="testcases.TestScenarioTwo" time="31.240" errors="0" timestamp="2024-10-17T10:10:38 IST" skipped="0">
  <testcase classname="testcases.TestScenarioTwo" name="scenarioOne_SimpleFormDemo" time="31.240"/>
</testsuite> <!-- testcases.TestScenarioTwo -->
