<?xml version="1.0" encoding="UTF-8"?>
<!-- Generated by org.testng.reporters.JUnitReportReporter -->
<testsuite hostname="Pramesh" failures="0" tests="3" name="testcases.TestScenario_LambdaTestAdvanced_Certification" time="110.937" errors="0" timestamp="2024-10-17T11:27:09 IST" skipped="0">
  <testcase classname="testcases.TestScenario_LambdaTestAdvanced_Certification" name="scenarioOne_SimpleFormDemo" time="36.060"/>
  <system-out/>
  <testcase classname="testcases.TestScenario_LambdaTestAdvanced_Certification" name="scenarioOne_SimpleFormDemo" time="39.393"/>
  <system-out/>
  <testcase classname="testcases.TestScenario_LambdaTestAdvanced_Certification" name="scenarioOne_SimpleFormDemo" time="35.484"/>
  <system-out/>
</testsuite> <!-- testcases.TestScenario_LambdaTestAdvanced_Certification -->
